  Author.cpp
  Button.cpp
  CMap.cpp
  COBSTACLE.cpp
  CPEOPLE.cpp
  CTRAFFICLIGHT.cpp
  CView.cpp
  ChooseModeState.cpp
  Collision.cpp
  Game.cpp
  GameState.cpp
  Instruction.cpp
  Lane.cpp
  LanePack.cpp
  LeaderboardState.cpp
  LoseState.cpp
  MainMenuState.cpp
  ModSkinState.cpp
  Object.cpp
  PauseState.cpp
  Generating Code...
C:\Users\asus\source\repos\CS202-Final-Project-OOP\GameState.cpp(126): warning C4172: returning address of local variable or temporary
C:\Users\asus\source\repos\CS202-Final-Project-OOP\GameState.cpp(133): warning C4172: returning address of local variable or temporary
C:\Users\asus\source\repos\CS202-Final-Project-OOP\GameState.cpp(135): warning C4172: returning address of local variable or temporary
C:\Users\asus\source\repos\CS202-Final-Project-OOP\GameState.cpp(500): warning C4172: returning address of local variable or temporary
  Compiling...
  PlayAgainState.cpp
  SoundEffect.cpp
C:\Users\asus\source\repos\CS202-Final-Project-OOP\SoundEffect.cpp(17,22): warning C4305: 'return': truncation from 'sf::SoundSource::Status' to 'bool'
  Source.cpp
  State.cpp
  WinState.cpp
  Generating Code...
  Crossy Road.vcxproj -> C:\Users\asus\source\repos\CS202-Final-Project-OOP\x64\Debug\Crossy Road.exe
